<?xml version="1.0" encoding="UTF-8"?>
<robot generator="Robot 7.2.2 (Python 3.10.11 on win32)" generated="2025-04-08T17:00:55.110990" rpa="false" schemaversion="5">
<suite id="s1" name="RegisterAndLoginTest" source="C:\Users\David\PycharmProjects\Testing_E-rechnung\Testcases\RegisterAndLoginTest.robot">
<test id="s1-t1" name="Login With Registered User" line="19">
<kw name="Open Browser" owner="SeleniumLibrary">
<msg time="2025-04-08T17:00:55.514147" level="INFO">Opening browser 'Chrome' to base url 'https://demowebshop.tricentis.com/login'.</msg>
<arg>${LOGIN_URL}</arg>
<arg>${BROWSER}</arg>
<doc>Opens a new browser instance to the optional ``url``.</doc>
<status status="PASS" start="2025-04-08T17:00:55.514147" elapsed="3.561367"/>
</kw>
<kw name="Maximize Browser Window" owner="SeleniumLibrary">
<doc>Maximizes current browser window.</doc>
<status status="PASS" start="2025-04-08T17:00:59.075970" elapsed="0.099054"/>
</kw>
<kw name="Wait Until Element Is Visible" owner="SeleniumLibrary">
<arg>id=Email</arg>
<doc>Waits until the element ``locator`` is visible.</doc>
<status status="PASS" start="2025-04-08T17:00:59.176088" elapsed="0.143730"/>
</kw>
<kw name="Input Text" owner="SeleniumLibrary">
<msg time="2025-04-08T17:00:59.324519" level="INFO">Typing text 'Fkhan2021@example.com' into text field 'id=Email'.</msg>
<arg>id=Email</arg>
<arg>${EMAIL}</arg>
<doc>Types the given ``text`` into the text field identified by ``locator``.</doc>
<status status="PASS" start="2025-04-08T17:00:59.321821" elapsed="0.236236"/>
</kw>
<kw name="Input Text" owner="SeleniumLibrary">
<msg time="2025-04-08T17:00:59.559060" level="INFO">Typing text 'Test@1234' into text field 'id=Password'.</msg>
<arg>id=Password</arg>
<arg>${PASSWORD}</arg>
<doc>Types the given ``text`` into the text field identified by ``locator``.</doc>
<status status="PASS" start="2025-04-08T17:00:59.559060" elapsed="0.237542"/>
</kw>
<kw name="Click Button" owner="SeleniumLibrary">
<msg time="2025-04-08T17:00:59.800621" level="INFO">Clicking button 'xpath=//input[@value='Log in']'.</msg>
<arg>xpath=//input[@value='Log in']</arg>
<doc>Clicks the button identified by ``locator``.</doc>
<status status="PASS" start="2025-04-08T17:00:59.797586" elapsed="1.236327"/>
</kw>
<kw name="Sleep" owner="BuiltIn">
<msg time="2025-04-08T17:01:03.048980" level="INFO">Slept 2 seconds.</msg>
<arg>2s</arg>
<doc>Pauses the test executed for the given time.</doc>
<status status="PASS" start="2025-04-08T17:01:01.035908" elapsed="2.013764"/>
</kw>
<kw name="Wait Until Page Contains Element" owner="SeleniumLibrary">
<arg>xpath=//a[text()='Log out']</arg>
<doc>Waits until the element ``locator`` appears on the current page.</doc>
<status status="PASS" start="2025-04-08T17:01:03.050672" elapsed="0.086758"/>
</kw>
<kw name="Log" owner="BuiltIn">
<msg time="2025-04-08T17:01:03.143416" level="INFO">✅ Login erfolgreich</msg>
<arg>✅ Login erfolgreich</arg>
<doc>Logs the given message with the given level.</doc>
<status status="PASS" start="2025-04-08T17:01:03.141422" elapsed="0.001994"/>
</kw>
<kw name="Sleep" owner="BuiltIn">
<msg time="2025-04-08T17:01:05.162221" level="INFO">Slept 2 seconds.</msg>
<arg>2s</arg>
<doc>Pauses the test executed for the given time.</doc>
<status status="PASS" start="2025-04-08T17:01:03.146409" elapsed="2.015812"/>
</kw>
<kw name="Close Browser" owner="SeleniumLibrary">
<doc>Closes the current browser.</doc>
<status status="PASS" start="2025-04-08T17:01:05.163264" elapsed="2.504133"/>
</kw>
<status status="PASS" start="2025-04-08T17:00:55.512405" elapsed="12.155824"/>
</test>
<test id="s1-t2" name="Login With Invalid Credentials" line="33">
<kw name="Open Browser" owner="SeleniumLibrary">
<msg time="2025-04-08T17:01:07.674210" level="INFO">Opening browser 'Chrome' to base url 'https://demowebshop.tricentis.com/login'.</msg>
<arg>${LOGIN_URL}</arg>
<arg>${BROWSER}</arg>
<doc>Opens a new browser instance to the optional ``url``.</doc>
<status status="PASS" start="2025-04-08T17:01:07.673215" elapsed="3.432939"/>
</kw>
<kw name="Maximize Browser Window" owner="SeleniumLibrary">
<doc>Maximizes current browser window.</doc>
<status status="PASS" start="2025-04-08T17:01:11.107151" elapsed="0.066849"/>
</kw>
<kw name="Wait Until Element Is Visible" owner="SeleniumLibrary">
<arg>id=Email</arg>
<doc>Waits until the element ``locator`` is visible.</doc>
<status status="PASS" start="2025-04-08T17:01:11.175030" elapsed="0.231776"/>
</kw>
<kw name="Input Text" owner="SeleniumLibrary">
<msg time="2025-04-08T17:01:11.414520" level="INFO">Typing text 'DonaldTrump_MAGA2025@example.com' into text field 'id=Email'.</msg>
<arg>id=Email</arg>
<arg>${INVALID_EMAIL}</arg>
<doc>Types the given ``text`` into the text field identified by ``locator``.</doc>
<status status="PASS" start="2025-04-08T17:01:11.413351" elapsed="0.217818"/>
</kw>
<kw name="Input Text" owner="SeleniumLibrary">
<msg time="2025-04-08T17:01:11.632165" level="INFO">Typing text 'WrongPass123' into text field 'id=Password'.</msg>
<arg>id=Password</arg>
<arg>${INVALID_PASSWORD}</arg>
<doc>Types the given ``text`` into the text field identified by ``locator``.</doc>
<status status="PASS" start="2025-04-08T17:01:11.631169" elapsed="0.166397"/>
</kw>
<kw name="Click Button" owner="SeleniumLibrary">
<msg time="2025-04-08T17:01:11.798563" level="INFO">Clicking button 'xpath=//input[@value='Log in']'.</msg>
<arg>xpath=//input[@value='Log in']</arg>
<doc>Clicks the button identified by ``locator``.</doc>
<status status="PASS" start="2025-04-08T17:01:11.798563" elapsed="0.463627"/>
</kw>
<kw name="Wait Until Element Is Visible" owner="SeleniumLibrary">
<msg time="2025-04-08T17:01:17.555351" level="INFO" html="true">&lt;/td&gt;&lt;/tr&gt;&lt;tr&gt;&lt;td colspan="3"&gt;&lt;a href="selenium-screenshot-90.png"&gt;&lt;img src="selenium-screenshot-90.png" width="800px"&gt;&lt;/a&gt;</msg>
<msg time="2025-04-08T17:01:17.556331" level="FAIL">Element 'xpath=//div[@class='message-error validation-summary-errors']' not visible after 5 seconds.</msg>
<arg>xpath=//div[@class='message-error validation-summary-errors']</arg>
<doc>Waits until the element ``locator`` is visible.</doc>
<status status="FAIL" start="2025-04-08T17:01:12.263189" elapsed="5.295136">Element 'xpath=//div[@class='message-error validation-summary-errors']' not visible after 5 seconds.</status>
</kw>
<kw name="Element Should Contain" owner="SeleniumLibrary">
<arg>xpath=//div[@class='message-error validation-summary-errors']</arg>
<arg>Login was unsuccessful</arg>
<doc>Verifies that element ``locator`` contains text ``expected``.</doc>
<status status="NOT RUN" start="2025-04-08T17:01:17.559323" elapsed="0.000000"/>
</kw>
<kw name="Log" owner="BuiltIn">
<arg>✅ Fehler bei ungültigem Login korrekt angezeigt</arg>
<doc>Logs the given message with the given level.</doc>
<status status="NOT RUN" start="2025-04-08T17:01:17.560329" elapsed="0.000000"/>
</kw>
<kw name="Close Browser" owner="SeleniumLibrary">
<doc>Closes the current browser.</doc>
<status status="NOT RUN" start="2025-04-08T17:01:17.561316" elapsed="0.000000"/>
</kw>
<status status="FAIL" start="2025-04-08T17:01:07.670224" elapsed="9.892091">Element 'xpath=//div[@class='message-error validation-summary-errors']' not visible after 5 seconds.</status>
</test>
<status status="FAIL" start="2025-04-08T17:00:55.112640" elapsed="22.451672"/>
</suite>
<statistics>
<total>
<stat pass="1" fail="1" skip="0">All Tests</stat>
</total>
<tag>
</tag>
<suite>
<stat name="RegisterAndLoginTest" id="s1" pass="1" fail="1" skip="0">RegisterAndLoginTest</stat>
</suite>
</statistics>
<errors>
</errors>
</robot>
